 * Debug mode: off
WARNING: This is a development server. Do not use it in a production deployment. Use a production WSGI server instead.
 * Running on all addresses (0.0.0.0)
 * Running on http://127.0.0.1:42598
 * Running on http://167.99.106.139:42598
Press CTRL+C to quit
163.152.3.139 - - [21/May/2023 07:31:40] "GET /api_docs HTTP/1.1" 404 -
163.152.3.139 - - [21/May/2023 07:31:40] "GET /favicon.ico HTTP/1.1" 404 -
 * Debug mode: off
WARNING: This is a development server. Do not use it in a production deployment. Use a production WSGI server instead.
 * Running on all addresses (0.0.0.0)
 * Running on http://127.0.0.1:42598
 * Running on http://167.99.106.139:42598
Press CTRL+C to quit
163.152.3.139 - - [21/May/2023 07:33:31] "GET /api_docs HTTP/1.1" 404 -
163.152.3.139 - - [21/May/2023 07:33:33] "GET /api_docs HTTP/1.1" 404 -
163.152.3.139 - - [21/May/2023 07:33:33] "GET /api_docs HTTP/1.1" 404 -
Usage: flask run [OPTIONS]
Try 'flask run --help' for help.

Error: Got unexpected extra argument (=--debug)
Usage: flask run [OPTIONS]
Try 'flask run --help' for help.

Error: Got unexpected extra argument (=--debug)
 * Debug mode: on
WARNING: This is a development server. Do not use it in a production deployment. Use a production WSGI server instead.
 * Running on all addresses (0.0.0.0)
 * Running on http://127.0.0.1:42598
 * Running on http://167.99.106.139:42598
Press CTRL+C to quit
 * Restarting with stat
 * Debugger is active!
 * Debugger PIN: 253-987-100
163.152.3.139 - - [21/May/2023 07:34:36] "GET /api-docs HTTP/1.1" 200 -
163.152.3.139 - - [21/May/2023 07:34:36] "GET /swaggerui/droid-sans.css HTTP/1.1" 304 -
163.152.3.139 - - [21/May/2023 07:34:37] "GET /swaggerui/swagger-ui.css HTTP/1.1" 304 -
163.152.3.139 - - [21/May/2023 07:34:37] "GET /swaggerui/swagger-ui-bundle.js HTTP/1.1" 206 -
163.152.3.139 - - [21/May/2023 07:34:37] "GET /swaggerui/swagger-ui-standalone-preset.js HTTP/1.1" 304 -
163.152.3.139 - - [21/May/2023 07:34:37] "GET /swaggerui/swagger-ui-bundle.js HTTP/1.1" 206 -
163.152.3.139 - - [21/May/2023 07:34:41] "GET /swaggerui/favicon-32x32.png HTTP/1.1" 200 -
163.152.3.139 - - [21/May/2023 07:34:41] "GET /swagger.json HTTP/1.1" 200 -
163.152.3.139 - - [21/May/2023 07:34:41] "GET /swaggerui/favicon-32x32.png HTTP/1.1" 304 -
 * Debug mode: on
WARNING: This is a development server. Do not use it in a production deployment. Use a production WSGI server instead.
 * Running on all addresses (0.0.0.0)
 * Running on http://127.0.0.1:42598
 * Running on http://167.99.106.139:42598
Press CTRL+C to quit
 * Restarting with stat
 * Debugger is active!
 * Debugger PIN: 253-987-100
163.152.3.139 - - [21/May/2023 07:35:24] "GET /api-docs HTTP/1.1" 200 -
163.152.3.139 - - [21/May/2023 07:35:24] "GET /swaggerui/droid-sans.css HTTP/1.1" 304 -
163.152.3.139 - - [21/May/2023 07:35:25] "GET /swaggerui/swagger-ui.css HTTP/1.1" 304 -
163.152.3.139 - - [21/May/2023 07:35:25] "GET /swaggerui/swagger-ui-standalone-preset.js HTTP/1.1" 304 -
163.152.3.139 - - [21/May/2023 07:35:25] "GET /swaggerui/swagger-ui-bundle.js HTTP/1.1" 304 -
163.152.3.139 - - [21/May/2023 07:35:25] "GET /swaggerui/favicon-32x32.png HTTP/1.1" 304 -
163.152.3.139 - - [21/May/2023 07:35:25] "GET /swagger.json HTTP/1.1" 200 -
163.152.3.139 - - [21/May/2023 07:35:25] "GET /swaggerui/favicon-32x32.png HTTP/1.1" 304 -
163.152.3.139 - - [21/May/2023 07:35:33] "GET /api-docs HTTP/1.1" 200 -
163.152.3.139 - - [21/May/2023 07:35:33] "GET /swaggerui/droid-sans.css HTTP/1.1" 304 -
163.152.3.139 - - [21/May/2023 07:35:33] "GET /swaggerui/swagger-ui-bundle.js HTTP/1.1" 304 -
163.152.3.139 - - [21/May/2023 07:35:33] "GET /swaggerui/swagger-ui.css HTTP/1.1" 304 -
163.152.3.139 - - [21/May/2023 07:35:33] "GET /swaggerui/swagger-ui-standalone-preset.js HTTP/1.1" 304 -
163.152.3.139 - - [21/May/2023 07:35:33] "GET /swaggerui/favicon-32x32.png HTTP/1.1" 304 -
163.152.3.139 - - [21/May/2023 07:35:34] "GET /swagger.json HTTP/1.1" 200 -
163.152.3.139 - - [21/May/2023 07:35:34] "GET /swaggerui/favicon-32x32.png HTTP/1.1" 304 -
163.152.3.132 - - [21/May/2023 07:35:36] "GET /api-docs HTTP/1.1" 200 -
163.152.3.132 - - [21/May/2023 07:35:36] "GET /swaggerui/droid-sans.css HTTP/1.1" 200 -
163.152.3.132 - - [21/May/2023 07:35:37] "GET /swaggerui/swagger-ui-bundle.js HTTP/1.1" 200 -
163.152.3.132 - - [21/May/2023 07:35:37] "GET /swaggerui/swagger-ui.css HTTP/1.1" 200 -
163.152.3.132 - - [21/May/2023 07:35:37] "GET /swaggerui/swagger-ui-standalone-preset.js HTTP/1.1" 200 -
163.152.3.132 - - [21/May/2023 07:35:39] "GET /swagger.json HTTP/1.1" 200 -
163.152.3.132 - - [21/May/2023 07:35:39] "GET /swaggerui/favicon-32x32.png HTTP/1.1" 200 -
163.152.3.139 - - [21/May/2023 07:35:44] "POST /SearchDep/ HTTP/1.1" 200 -
Collecting brotlipy==0.7.0
  Using cached brotlipy-0.7.0-cp38-cp38-manylinux1_x86_64.whl (1.1 MB)
Collecting certifi==2022.12.7
  Using cached certifi-2022.12.7-py3-none-any.whl (155 kB)
Collecting cffi==1.15.1
  Using cached cffi-1.15.1-cp38-cp38-manylinux_2_17_x86_64.manylinux2014_x86_64.whl (442 kB)
Collecting pycparser
  Using cached pycparser-2.21-py2.py3-none-any.whl (118 kB)
Installing collected packages: pycparser, cffi, brotlipy, certifi
Successfully installed brotlipy-0.7.0 certifi-2022.12.7 cffi-1.15.1 pycparser-2.21
Collecting pipdeptree
  Using cached pipdeptree-2.7.1-py3-none-any.whl (17 kB)
Installing collected packages: pipdeptree
Successfully installed pipdeptree-2.7.1
Collecting graphviz
  Using cached graphviz-0.20.1-py3-none-any.whl (47 kB)
Installing collected packages: graphviz
Successfully installed graphviz-0.20.1
163.152.3.139 - - [21/May/2023 07:36:39] "POST /SearchVuln/ HTTP/1.1" 200 -
163.152.3.139 - - [21/May/2023 07:36:42] "POST /SearchVuln/ HTTP/1.1" 200 -
163.152.3.139 - - [21/May/2023 07:42:44] "GET /api-docs HTTP/1.1" 200 -
163.152.3.139 - - [21/May/2023 07:42:44] "GET /swaggerui/droid-sans.css HTTP/1.1" 304 -
163.152.3.139 - - [21/May/2023 07:42:44] "GET /swaggerui/swagger-ui-bundle.js HTTP/1.1" 304 -
163.152.3.139 - - [21/May/2023 07:42:44] "GET /swaggerui/swagger-ui.css HTTP/1.1" 304 -
163.152.3.139 - - [21/May/2023 07:42:44] "GET /swaggerui/swagger-ui-standalone-preset.js HTTP/1.1" 304 -
163.152.3.139 - - [21/May/2023 07:42:45] "GET /swaggerui/favicon-32x32.png HTTP/1.1" 304 -
163.152.3.139 - - [21/May/2023 07:42:45] "GET /swagger.json HTTP/1.1" 200 -
163.152.3.139 - - [21/May/2023 07:43:46] "GET /api-docs HTTP/1.1" 200 -
163.152.3.139 - - [21/May/2023 07:43:46] "GET /swaggerui/droid-sans.css HTTP/1.1" 304 -
163.152.3.139 - - [21/May/2023 07:43:46] "GET /swaggerui/swagger-ui.css HTTP/1.1" 304 -
163.152.3.139 - - [21/May/2023 07:43:46] "GET /swaggerui/swagger-ui-bundle.js HTTP/1.1" 304 -
163.152.3.139 - - [21/May/2023 07:43:46] "GET /swaggerui/swagger-ui-standalone-preset.js HTTP/1.1" 304 -
163.152.3.139 - - [21/May/2023 07:43:47] "GET /swaggerui/favicon-32x32.png HTTP/1.1" 304 -
163.152.3.139 - - [21/May/2023 07:43:47] "GET /swaggerui/favicon-32x32.png HTTP/1.1" 304 -
163.152.3.139 - - [21/May/2023 07:43:47] "GET /swagger.json HTTP/1.1" 200 -
163.152.3.132 - - [21/May/2023 07:56:01] "POST /SearchDep/ HTTP/1.1" 200 -
Collecting brotlipy==0.7.0
  Using cached brotlipy-0.7.0-cp38-cp38-manylinux1_x86_64.whl (1.1 MB)
Collecting certifi==2022.12.7
  Using cached certifi-2022.12.7-py3-none-any.whl (155 kB)
Collecting cffi==1.15.1
  Using cached cffi-1.15.1-cp38-cp38-manylinux_2_17_x86_64.manylinux2014_x86_64.whl (442 kB)
Collecting pycparser
  Using cached pycparser-2.21-py2.py3-none-any.whl (118 kB)
Installing collected packages: pycparser, cffi, brotlipy, certifi
Successfully installed brotlipy-0.7.0 certifi-2022.12.7 cffi-1.15.1 pycparser-2.21
Collecting pipdeptree
  Using cached pipdeptree-2.7.1-py3-none-any.whl (17 kB)
Installing collected packages: pipdeptree
Successfully installed pipdeptree-2.7.1
Collecting graphviz
  Using cached graphviz-0.20.1-py3-none-any.whl (47 kB)
Installing collected packages: graphviz
Successfully installed graphviz-0.20.1
223.38.94.132 - - [23/May/2023 01:43:09] "GET /api-docs HTTP/1.1" 200 -
223.38.94.132 - - [23/May/2023 01:43:09] "GET /swaggerui/droid-sans.css HTTP/1.1" 304 -
223.38.94.132 - - [23/May/2023 01:43:09] "GET /swaggerui/swagger-ui.css HTTP/1.1" 200 -
223.38.94.132 - - [23/May/2023 01:43:09] "GET /swaggerui/swagger-ui-bundle.js HTTP/1.1" 200 -
223.38.94.132 - - [23/May/2023 01:43:09] "GET /swaggerui/swagger-ui-standalone-preset.js HTTP/1.1" 200 -
223.38.94.132 - - [23/May/2023 01:43:11] "GET /swaggerui/favicon-32x32.png HTTP/1.1" 304 -
223.38.94.132 - - [23/May/2023 01:43:11] "GET /swagger.json HTTP/1.1" 200 -
219.250.39.216 - - [23/May/2023 17:07:54] "GET /api-docs/SearchVuln/ HTTP/1.1" 404 -
219.250.39.216 - - [23/May/2023 17:07:54] "GET /favicon.ico HTTP/1.1" 404 -
219.250.39.216 - - [23/May/2023 17:08:03] "GET /api-docs/SearchVuln/ HTTP/1.1" 404 -
219.250.39.216 - - [23/May/2023 17:08:35] "GET /api-docs1 HTTP/1.1" 404 -
61.72.167.71 - - [23/May/2023 17:10:42] "GET / HTTP/1.1" 404 -
61.72.167.71 - - [23/May/2023 17:10:43] "GET /favicon.ico HTTP/1.1" 404 -
61.72.167.71 - - [23/May/2023 17:11:17] "GET /api-docs/SearchVuln/ HTTP/1.1" 404 -
61.72.167.71 - - [23/May/2023 17:11:36] "GET /api-docs HTTP/1.1" 200 -
61.72.167.71 - - [23/May/2023 17:11:36] "GET /swaggerui/droid-sans.css HTTP/1.1" 200 -
61.72.167.71 - - [23/May/2023 17:11:36] "GET /swaggerui/swagger-ui-bundle.js HTTP/1.1" 200 -
61.72.167.71 - - [23/May/2023 17:11:36] "GET /swaggerui/swagger-ui.css HTTP/1.1" 200 -
61.72.167.71 - - [23/May/2023 17:11:36] "GET /swaggerui/swagger-ui-standalone-preset.js HTTP/1.1" 200 -
61.72.167.71 - - [23/May/2023 17:11:37] "GET /swaggerui/favicon-32x32.png HTTP/1.1" 200 -
61.72.167.71 - - [23/May/2023 17:11:37] "GET /swagger.json HTTP/1.1" 200 -
61.72.167.71 - - [23/May/2023 17:11:59] "GET /api-docs HTTP/1.1" 200 -
61.72.167.71 - - [23/May/2023 17:12:00] "GET /swaggerui/swagger-ui-bundle.js HTTP/1.1" 200 -
61.72.167.71 - - [23/May/2023 17:12:00] "GET /swaggerui/droid-sans.css HTTP/1.1" 200 -
61.72.167.71 - - [23/May/2023 17:12:00] "GET /swaggerui/swagger-ui.css HTTP/1.1" 200 -
61.72.167.71 - - [23/May/2023 17:12:00] "GET /swaggerui/swagger-ui-standalone-preset.js HTTP/1.1" 200 -
61.72.167.71 - - [23/May/2023 17:12:01] "GET /swagger.json HTTP/1.1" 200 -
223.38.95.165 - - [24/May/2023 13:44:09] "GET /api-docs HTTP/1.1" 200 -
223.38.95.165 - - [24/May/2023 13:44:10] "GET /swaggerui/swagger-ui.css HTTP/1.1" 200 -
223.38.95.165 - - [24/May/2023 13:44:10] "GET /swaggerui/swagger-ui-standalone-preset.js HTTP/1.1" 200 -
223.38.95.165 - - [24/May/2023 13:44:10] "GET /swaggerui/swagger-ui-bundle.js HTTP/1.1" 200 -
223.38.95.165 - - [24/May/2023 13:44:10] "GET /swaggerui/droid-sans.css HTTP/1.1" 200 -
223.38.95.165 - - [24/May/2023 13:44:13] "GET /swagger.json HTTP/1.1" 200 -
223.38.94.67 - - [25/May/2023 04:31:33] "GET /api-docs HTTP/1.1" 200 -
223.38.94.67 - - [25/May/2023 04:31:34] "GET /swaggerui/swagger-ui.css HTTP/1.1" 200 -
223.38.94.67 - - [25/May/2023 04:31:34] "GET /swaggerui/droid-sans.css HTTP/1.1" 200 -
223.38.94.67 - - [25/May/2023 04:31:34] "GET /swaggerui/swagger-ui-bundle.js HTTP/1.1" 200 -
223.38.94.67 - - [25/May/2023 04:31:34] "GET /swaggerui/swagger-ui-standalone-preset.js HTTP/1.1" 200 -
223.38.94.67 - - [25/May/2023 04:31:36] "GET /swagger.json HTTP/1.1" 200 -
61.72.167.71 - - [25/May/2023 09:06:46] "GET /swagger.json HTTP/1.1" 200 -
219.250.39.216 - - [25/May/2023 09:59:33] "GET /api-docs HTTP/1.1" 200 -
219.250.39.216 - - [25/May/2023 09:59:33] "GET /swaggerui/droid-sans.css HTTP/1.1" 200 -
219.250.39.216 - - [25/May/2023 09:59:33] "GET /swaggerui/swagger-ui.css HTTP/1.1" 200 -
219.250.39.216 - - [25/May/2023 09:59:33] "GET /swaggerui/swagger-ui-standalone-preset.js HTTP/1.1" 200 -
219.250.39.216 - - [25/May/2023 09:59:34] "GET /swaggerui/swagger-ui-bundle.js HTTP/1.1" 200 -
219.250.39.216 - - [25/May/2023 09:59:35] "GET /swagger.json HTTP/1.1" 200 -
219.250.39.216 - - [25/May/2023 10:11:24] "GET /api-docs HTTP/1.1" 200 -
219.250.39.216 - - [25/May/2023 10:11:24] "GET /swaggerui/droid-sans.css HTTP/1.1" 304 -
219.250.39.216 - - [25/May/2023 10:11:24] "GET /swaggerui/swagger-ui.css HTTP/1.1" 304 -
219.250.39.216 - - [25/May/2023 10:11:24] "GET /swaggerui/swagger-ui-bundle.js HTTP/1.1" 304 -
219.250.39.216 - - [25/May/2023 10:11:24] "GET /swaggerui/swagger-ui-standalone-preset.js HTTP/1.1" 304 -
219.250.39.216 - - [25/May/2023 10:11:25] "GET /swagger.json HTTP/1.1" 200 -
219.250.39.216 - - [25/May/2023 10:12:05] "POST /SearchDep/ HTTP/1.1" 200 -
Collecting brotlipy==0.7.0
  Using cached brotlipy-0.7.0-cp38-cp38-manylinux1_x86_64.whl (1.1 MB)
Collecting certifi==2022.12.7
  Using cached certifi-2022.12.7-py3-none-any.whl (155 kB)
Collecting cffi==1.15.1
  Using cached cffi-1.15.1-cp38-cp38-manylinux_2_17_x86_64.manylinux2014_x86_64.whl (442 kB)
Collecting pycparser
  Using cached pycparser-2.21-py2.py3-none-any.whl (118 kB)
Installing collected packages: pycparser, cffi, brotlipy, certifi
Successfully installed brotlipy-0.7.0 certifi-2022.12.7 cffi-1.15.1 pycparser-2.21
Collecting pipdeptree
  Using cached pipdeptree-2.7.1-py3-none-any.whl (17 kB)
Installing collected packages: pipdeptree
Successfully installed pipdeptree-2.7.1
Collecting graphviz
  Using cached graphviz-0.20.1-py3-none-any.whl (47 kB)
Installing collected packages: graphviz
Successfully installed graphviz-0.20.1
219.250.39.216 - - [25/May/2023 14:41:22] "GET /api-docs HTTP/1.1" 200 -
219.250.39.216 - - [25/May/2023 14:41:22] "GET /swaggerui/droid-sans.css HTTP/1.1" 304 -
219.250.39.216 - - [25/May/2023 14:41:22] "GET /swaggerui/swagger-ui-bundle.js HTTP/1.1" 304 -
219.250.39.216 - - [25/May/2023 14:41:22] "GET /swaggerui/swagger-ui.css HTTP/1.1" 304 -
219.250.39.216 - - [25/May/2023 14:41:22] "GET /swaggerui/swagger-ui-standalone-preset.js HTTP/1.1" 304 -
219.250.39.216 - - [25/May/2023 14:41:22] "GET /swagger.json HTTP/1.1" 200 -
219.250.39.216 - - [25/May/2023 15:39:39] "POST /SearchDep/ HTTP/1.1" 200 -
Collecting brotlipy==0.7.0
  Using cached brotlipy-0.7.0-cp38-cp38-manylinux1_x86_64.whl (1.1 MB)
Collecting certifi==2022.12.7
  Using cached certifi-2022.12.7-py3-none-any.whl (155 kB)
Collecting cffi==1.15.1
  Using cached cffi-1.15.1-cp38-cp38-manylinux_2_17_x86_64.manylinux2014_x86_64.whl (442 kB)
Collecting pycparser
  Using cached pycparser-2.21-py2.py3-none-any.whl (118 kB)
Installing collected packages: pycparser, cffi, brotlipy, certifi
Successfully installed brotlipy-0.7.0 certifi-2022.12.7 cffi-1.15.1 pycparser-2.21
Collecting pipdeptree
  Using cached pipdeptree-2.7.1-py3-none-any.whl (17 kB)
Installing collected packages: pipdeptree
Successfully installed pipdeptree-2.7.1
Collecting graphviz
  Using cached graphviz-0.20.1-py3-none-any.whl (47 kB)
Installing collected packages: graphviz
Successfully installed graphviz-0.20.1
219.250.39.216 - - [25/May/2023 16:25:33] "POST /SearchDep/ HTTP/1.1" 200 -
Collecting brotlipy==0.7.0
  Using cached brotlipy-0.7.0-cp38-cp38-manylinux1_x86_64.whl (1.1 MB)
Collecting certifi==2022.12.7
  Using cached certifi-2022.12.7-py3-none-any.whl (155 kB)
Collecting cffi==1.15.1
  Using cached cffi-1.15.1-cp38-cp38-manylinux_2_17_x86_64.manylinux2014_x86_64.whl (442 kB)
Collecting pycparser
  Using cached pycparser-2.21-py2.py3-none-any.whl (118 kB)
Installing collected packages: pycparser, cffi, brotlipy, certifi
Successfully installed brotlipy-0.7.0 certifi-2022.12.7 cffi-1.15.1 pycparser-2.21
Collecting pipdeptree
  Using cached pipdeptree-2.7.1-py3-none-any.whl (17 kB)
Installing collected packages: pipdeptree
Successfully installed pipdeptree-2.7.1
Collecting graphviz
  Using cached graphviz-0.20.1-py3-none-any.whl (47 kB)
Installing collected packages: graphviz
Successfully installed graphviz-0.20.1
219.250.39.216 - - [25/May/2023 16:30:50] "POST /SearchDep/ HTTP/1.1" 415 -
219.250.39.216 - - [25/May/2023 16:33:11] "POST /SearchDep/ HTTP/1.1" 415 -
219.250.39.216 - - [25/May/2023 16:36:04] "POST /SearchDep/ HTTP/1.1" 415 -
219.250.39.216 - - [25/May/2023 16:37:21] "POST /SearchDep/ HTTP/1.1" 415 -
219.250.39.216 - - [25/May/2023 16:38:28] "POST /SearchDep/ HTTP/1.1" 415 -
219.250.39.216 - - [25/May/2023 16:39:29] "POST /SearchDep/ HTTP/1.1" 200 -
Collecting brotlipy==0.7.0
  Using cached brotlipy-0.7.0-cp38-cp38-manylinux1_x86_64.whl (1.1 MB)
Collecting certifi==2022.12.7
  Using cached certifi-2022.12.7-py3-none-any.whl (155 kB)
Collecting cffi==1.15.1
  Using cached cffi-1.15.1-cp38-cp38-manylinux_2_17_x86_64.manylinux2014_x86_64.whl (442 kB)
Collecting pycparser
  Using cached pycparser-2.21-py2.py3-none-any.whl (118 kB)
Installing collected packages: pycparser, cffi, brotlipy, certifi
Successfully installed brotlipy-0.7.0 certifi-2022.12.7 cffi-1.15.1 pycparser-2.21
Collecting pipdeptree
  Using cached pipdeptree-2.7.1-py3-none-any.whl (17 kB)
Installing collected packages: pipdeptree
Successfully installed pipdeptree-2.7.1
Collecting graphviz
  Using cached graphviz-0.20.1-py3-none-any.whl (47 kB)
Installing collected packages: graphviz
Successfully installed graphviz-0.20.1
219.250.39.216 - - [25/May/2023 16:40:19] "POST /SearchDep/ HTTP/1.1" 415 -
219.250.39.216 - - [25/May/2023 16:40:30] "POST /SearchDep/ HTTP/1.1" 415 -
219.250.39.216 - - [25/May/2023 16:41:24] "POST /SearchDep/ HTTP/1.1" 200 -
Collecting brotlipy==0.7.0
  Using cached brotlipy-0.7.0-cp38-cp38-manylinux1_x86_64.whl (1.1 MB)
Collecting certifi==2022.12.7
  Using cached certifi-2022.12.7-py3-none-any.whl (155 kB)
Collecting cffi==1.15.1
  Using cached cffi-1.15.1-cp38-cp38-manylinux_2_17_x86_64.manylinux2014_x86_64.whl (442 kB)
Collecting pycparser
  Using cached pycparser-2.21-py2.py3-none-any.whl (118 kB)
Installing collected packages: pycparser, cffi, brotlipy, certifi
Successfully installed brotlipy-0.7.0 certifi-2022.12.7 cffi-1.15.1 pycparser-2.21
Collecting pipdeptree
  Using cached pipdeptree-2.7.1-py3-none-any.whl (17 kB)
Installing collected packages: pipdeptree
Successfully installed pipdeptree-2.7.1
Collecting graphviz
  Using cached graphviz-0.20.1-py3-none-any.whl (47 kB)
Installing collected packages: graphviz
Successfully installed graphviz-0.20.1
219.250.39.216 - - [25/May/2023 16:42:40] "POST /SearchDep/ HTTP/1.1" 415 -
219.250.39.216 - - [25/May/2023 16:43:38] "POST /SearchDep/ HTTP/1.1" 415 -
219.250.39.216 - - [25/May/2023 16:45:19] "POST /SearchDep/ HTTP/1.1" 415 -
219.250.39.216 - - [25/May/2023 16:45:42] "POST /SearchDep/ HTTP/1.1" 200 -
Collecting brotlipy==0.7.0
  Using cached brotlipy-0.7.0-cp38-cp38-manylinux1_x86_64.whl (1.1 MB)
Collecting certifi==2022.12.7
  Using cached certifi-2022.12.7-py3-none-any.whl (155 kB)
Collecting cffi==1.15.1
  Using cached cffi-1.15.1-cp38-cp38-manylinux_2_17_x86_64.manylinux2014_x86_64.whl (442 kB)
Collecting pycparser
  Using cached pycparser-2.21-py2.py3-none-any.whl (118 kB)
Installing collected packages: pycparser, cffi, brotlipy, certifi
Successfully installed brotlipy-0.7.0 certifi-2022.12.7 cffi-1.15.1 pycparser-2.21
Collecting pipdeptree
  Using cached pipdeptree-2.7.1-py3-none-any.whl (17 kB)
Installing collected packages: pipdeptree
Successfully installed pipdeptree-2.7.1
Collecting graphviz
  Using cached graphviz-0.20.1-py3-none-any.whl (47 kB)
Installing collected packages: graphviz
Successfully installed graphviz-0.20.1
Requirement already satisfied: brotlipy==0.7.0 in ./tmp/lib/python3.8/site-packages (from -r requirments.txt (line 1)) (0.7.0)
Requirement already satisfied: certifi==2022.12.7 in ./tmp/lib/python3.8/site-packages (from -r requirments.txt (line 2)) (2022.12.7)
Requirement already satisfied: cffi==1.15.1 in ./tmp/lib/python3.8/site-packages (from -r requirments.txt (line 3)) (1.15.1)
Requirement already satisfied: pycparser in ./tmp/lib/python3.8/site-packages (from cffi==1.15.1->-r requirments.txt (line 3)) (2.21)
Traceback (most recent call last):
  File "./tmp/bin/pip", line 5, in <module>
  File "/home/m0nd2y/SearchVuln/tmp/lib/python3.8/site-packages/pip/_internal/cli/main.py", line 10, in <module>
  File "/home/m0nd2y/SearchVuln/tmp/lib/python3.8/site-packages/pip/_internal/cli/autocompletion.py", line 9, in <module>
  File "/home/m0nd2y/SearchVuln/tmp/lib/python3.8/site-packages/pip/_internal/cli/main_parser.py", line 7, in <module>
  File "/home/m0nd2y/SearchVuln/tmp/lib/python3.8/site-packages/pip/_internal/cli/cmdoptions.py", line 25, in <module>
ModuleNotFoundError: No module named 'pip._internal.locations'
./make_env.sh: 7: ./tmp/bin/pip: not found
./make_env.sh: 8: ./tmp/bin/python: not found
219.250.39.216 - - [25/May/2023 16:46:05] "POST /SearchDep/ HTTP/1.1" 200 -
219.250.39.216 - - [25/May/2023 19:47:06] "POST /SearchDep/ HTTP/1.1" 415 -
219.250.39.216 - - [25/May/2023 19:47:59] "POST /SearchDep/ HTTP/1.1" 415 -
219.250.39.216 - - [25/May/2023 20:00:32] "GET /api-docs HTTP/1.1" 200 -
219.250.39.216 - - [25/May/2023 20:00:32] "GET /swaggerui/droid-sans.css HTTP/1.1" 304 -
219.250.39.216 - - [25/May/2023 20:00:32] "GET /swaggerui/swagger-ui.css HTTP/1.1" 304 -
219.250.39.216 - - [25/May/2023 20:00:32] "GET /swaggerui/swagger-ui-bundle.js HTTP/1.1" 304 -
219.250.39.216 - - [25/May/2023 20:00:32] "GET /swaggerui/swagger-ui-standalone-preset.js HTTP/1.1" 304 -
219.250.39.216 - - [25/May/2023 20:00:33] "GET /swagger.json HTTP/1.1" 200 -
219.250.39.216 - - [25/May/2023 20:28:53] "GET /api-docs HTTP/1.1" 200 -
219.250.39.216 - - [25/May/2023 20:28:53] "GET /swaggerui/droid-sans.css HTTP/1.1" 304 -
219.250.39.216 - - [25/May/2023 20:28:53] "GET /swaggerui/swagger-ui.css HTTP/1.1" 304 -
219.250.39.216 - - [25/May/2023 20:28:53] "GET /swaggerui/swagger-ui-bundle.js HTTP/1.1" 304 -
219.250.39.216 - - [25/May/2023 20:28:53] "GET /swaggerui/swagger-ui-standalone-preset.js HTTP/1.1" 304 -
219.250.39.216 - - [25/May/2023 20:28:54] "GET /swagger.json HTTP/1.1" 200 -
219.250.39.216 - - [25/May/2023 20:36:38] "POST /SearchDep/ HTTP/1.1" 415 -
219.250.39.216 - - [25/May/2023 20:37:42] "POST /SearchVuln/ HTTP/1.1" 200 -
219.250.39.216 - - [25/May/2023 20:38:22] "POST /SearchDep/ HTTP/1.1" 200 -
Collecting brotlipy==0.7.0
  Using cached brotlipy-0.7.0-cp38-cp38-manylinux1_x86_64.whl (1.1 MB)
Collecting certifi==2022.12.7
  Using cached certifi-2022.12.7-py3-none-any.whl (155 kB)
Collecting cffi==1.15.1
  Using cached cffi-1.15.1-cp38-cp38-manylinux_2_17_x86_64.manylinux2014_x86_64.whl (442 kB)
Collecting pycparser
  Using cached pycparser-2.21-py2.py3-none-any.whl (118 kB)
Installing collected packages: pycparser, cffi, brotlipy, certifi
Successfully installed brotlipy-0.7.0 certifi-2022.12.7 cffi-1.15.1 pycparser-2.21
Collecting pipdeptree
  Using cached pipdeptree-2.7.1-py3-none-any.whl (17 kB)
Installing collected packages: pipdeptree
Successfully installed pipdeptree-2.7.1
Collecting graphviz
  Using cached graphviz-0.20.1-py3-none-any.whl (47 kB)
Installing collected packages: graphviz
Successfully installed graphviz-0.20.1
219.250.39.216 - - [25/May/2023 20:49:56] "POST /SearchDep/ HTTP/1.1" 415 -
219.250.39.216 - - [25/May/2023 20:50:15] "GET /api-docs HTTP/1.1" 200 -
219.250.39.216 - - [25/May/2023 20:50:15] "GET /swaggerui/droid-sans.css HTTP/1.1" 304 -
219.250.39.216 - - [25/May/2023 20:50:16] "GET /swaggerui/swagger-ui.css HTTP/1.1" 304 -
219.250.39.216 - - [25/May/2023 20:50:16] "GET /swaggerui/swagger-ui-bundle.js HTTP/1.1" 304 -
219.250.39.216 - - [25/May/2023 20:50:16] "GET /swaggerui/swagger-ui-standalone-preset.js HTTP/1.1" 304 -
219.250.39.216 - - [25/May/2023 20:50:16] "GET /swagger.json HTTP/1.1" 200 -
219.250.39.216 - - [25/May/2023 20:50:16] "GET /swaggerui/favicon-32x32.png HTTP/1.1" 200 -
219.250.39.216 - - [25/May/2023 20:50:37] "POST /SearchDep/ HTTP/1.1" 200 -
Collecting brotlipy==0.7.0
  Using cached brotlipy-0.7.0-cp38-cp38-manylinux1_x86_64.whl (1.1 MB)
Collecting certifi==2022.12.7
  Using cached certifi-2022.12.7-py3-none-any.whl (155 kB)
Collecting cffi==1.15.1
  Using cached cffi-1.15.1-cp38-cp38-manylinux_2_17_x86_64.manylinux2014_x86_64.whl (442 kB)
Collecting pycparser
  Using cached pycparser-2.21-py2.py3-none-any.whl (118 kB)
Installing collected packages: pycparser, cffi, brotlipy, certifi
Successfully installed brotlipy-0.7.0 certifi-2022.12.7 cffi-1.15.1 pycparser-2.21
Collecting pipdeptree
  Using cached pipdeptree-2.7.1-py3-none-any.whl (17 kB)
Installing collected packages: pipdeptree
Successfully installed pipdeptree-2.7.1
Collecting graphviz
  Using cached graphviz-0.20.1-py3-none-any.whl (47 kB)
Installing collected packages: graphviz
Successfully installed graphviz-0.20.1
219.250.39.216 - - [25/May/2023 20:51:24] "POST /SearchVuln/ HTTP/1.1" 200 -
61.72.167.71 - - [28/May/2023 03:55:06] "GET /api-docx HTTP/1.1" 404 -
61.72.167.71 - - [28/May/2023 03:55:06] "GET /favicon.ico HTTP/1.1" 404 -
61.72.167.71 - - [28/May/2023 03:55:08] "GET /api-docs HTTP/1.1" 200 -
61.72.167.71 - - [28/May/2023 03:55:08] "GET /swaggerui/droid-sans.css HTTP/1.1" 200 -
61.72.167.71 - - [28/May/2023 03:55:08] "GET /swaggerui/swagger-ui.css HTTP/1.1" 200 -
61.72.167.71 - - [28/May/2023 03:55:08] "GET /swaggerui/swagger-ui-bundle.js HTTP/1.1" 200 -
61.72.167.71 - - [28/May/2023 03:55:08] "GET /swaggerui/swagger-ui-standalone-preset.js HTTP/1.1" 200 -
61.72.167.71 - - [28/May/2023 03:55:09] "GET /swaggerui/favicon-32x32.png HTTP/1.1" 200 -
61.72.167.71 - - [28/May/2023 03:55:10] "GET /swagger.json HTTP/1.1" 200 -
61.72.167.71 - - [28/May/2023 03:55:10] "GET /swaggerui/favicon-32x32.png HTTP/1.1" 304 -
61.72.167.71 - - [28/May/2023 03:55:14] "POST /SearchVuln/ HTTP/1.1" 200 -
61.72.167.71 - - [28/May/2023 03:59:24] "POST /SearchDep/ HTTP/1.1" 200 -
Collecting brotlipy==0.7.0
  Using cached brotlipy-0.7.0-cp38-cp38-manylinux1_x86_64.whl (1.1 MB)
Collecting certifi==2022.12.7
  Using cached certifi-2022.12.7-py3-none-any.whl (155 kB)
Collecting brotlipy==0.7.0
  Using cached brotlipy-0.7.0-cp38-cp38-manylinux1_x86_64.whl (1.1 MB)
Collecting cffi==1.15.1
  Using cached cffi-1.15.1-cp38-cp38-manylinux_2_17_x86_64.manylinux2014_x86_64.whl (442 kB)
Collecting certifi==2022.12.7
  Using cached certifi-2022.12.7-py3-none-any.whl (155 kB)
Collecting pycparser
  Using cached pycparser-2.21-py2.py3-none-any.whl (118 kB)
Installing collected packages: pycparser, cffi, brotlipy, certifi
Collecting cffi==1.15.1
  Using cached cffi-1.15.1-cp38-cp38-manylinux_2_17_x86_64.manylinux2014_x86_64.whl (442 kB)
Requirement already satisfied (use --upgrade to upgrade): cffi==1.15.1 from https://files.pythonhosted.org/packages/b7/8b/06f30caa03b5b3ac006de4f93478dbd0239e2a16566d81a106c322dc4f79/cffi-1.15.1-cp38-cp38-manylinux_2_17_x86_64.manylinux2014_x86_64.whl#sha256=4f2c9f67e9821cad2e5f480bc8d83b8742896f1242dba247911072d4fa94c192 in ./tmp/lib/python3.8/site-packages (from -r requirments.txt (line 3))
Requirement already satisfied: pycparser in ./tmp/lib/python3.8/site-packages (from cffi==1.15.1->-r requirments.txt (line 3)) (2.21)
Installing collected packages: brotlipy, certifi
Successfully installed brotlipy-0.7.0 certifi-2022.12.7 cffi-1.15.1 pycparser-2.21
Successfully installed brotlipy-0.7.0 certifi-2022.12.7
Collecting pipdeptree
Collecting pipdeptree
  Using cached pipdeptree-2.7.1-py3-none-any.whl (17 kB)
  Using cached pipdeptree-2.7.1-py3-none-any.whl (17 kB)
Installing collected packages: pipdeptree
Installing collected packages: pipdeptree
Successfully installed pipdeptree-2.7.1
Successfully installed pipdeptree-2.7.1
Collecting graphviz
  Using cached graphviz-0.20.1-py3-none-any.whl (47 kB)
Collecting graphviz
  Using cached graphviz-0.20.1-py3-none-any.whl (47 kB)
Installing collected packages: graphviz
Installing collected packages: graphviz
Successfully installed graphviz-0.20.1
Successfully installed graphviz-0.20.1
61.72.167.71 - - [28/May/2023 03:59:49] "POST /SearchDep/ HTTP/1.1" 200 -
61.72.167.71 - - [28/May/2023 04:00:26] "POST /SearchVuln/ HTTP/1.1" 200 -
61.72.167.71 - - [28/May/2023 04:03:23] "POST /SearchDep/ HTTP/1.1" 415 -
61.72.167.71 - - [28/May/2023 04:04:15] "POST /SearchDep/ HTTP/1.1" 400 -
61.72.167.71 - - [28/May/2023 04:04:50] "POST /SearchDep/ HTTP/1.1" 500 -
Traceback (most recent call last):
  File "/home/m0nd2y/.local/lib/python3.8/site-packages/flask/app.py", line 2213, in __call__
    return self.wsgi_app(environ, start_response)
  File "/home/m0nd2y/.local/lib/python3.8/site-packages/flask/app.py", line 2193, in wsgi_app
    response = self.handle_exception(e)
  File "/home/m0nd2y/.local/lib/python3.8/site-packages/flask_restx/api.py", line 673, in error_router
    return original_handler(f)
  File "/home/m0nd2y/.local/lib/python3.8/site-packages/flask_restx/api.py", line 671, in error_router
    return self.handle_error(e)
  File "/home/m0nd2y/.local/lib/python3.8/site-packages/flask/app.py", line 2190, in wsgi_app
    response = self.full_dispatch_request()
  File "/home/m0nd2y/.local/lib/python3.8/site-packages/flask/app.py", line 1486, in full_dispatch_request
    rv = self.handle_user_exception(e)
  File "/home/m0nd2y/.local/lib/python3.8/site-packages/flask_restx/api.py", line 673, in error_router
    return original_handler(f)
  File "/home/m0nd2y/.local/lib/python3.8/site-packages/flask_restx/api.py", line 671, in error_router
    return self.handle_error(e)
  File "/home/m0nd2y/.local/lib/python3.8/site-packages/flask/app.py", line 1484, in full_dispatch_request
    rv = self.dispatch_request()
  File "/home/m0nd2y/.local/lib/python3.8/site-packages/flask/app.py", line 1469, in dispatch_request
    return self.ensure_sync(self.view_functions[rule.endpoint])(**view_args)
  File "/home/m0nd2y/.local/lib/python3.8/site-packages/flask_restx/api.py", line 404, in wrapper
    resp = resource(*args, **kwargs)
  File "/home/m0nd2y/.local/lib/python3.8/site-packages/flask/views.py", line 109, in view
    return current_app.ensure_sync(self.dispatch_request)(**kwargs)
  File "/home/m0nd2y/.local/lib/python3.8/site-packages/flask_restx/resource.py", line 46, in dispatch_request
    resp = meth(*args, **kwargs)
  File "/home/m0nd2y/SearchVuln/app.py", line 56, in post
    return (searchdep(api.payload['file'])), 200
  File "/home/m0nd2y/SearchVuln/app.py", line 33, in searchdep
    file.write(file_content)
TypeError: write() argument must be str, not list
61.72.167.71 - - [28/May/2023 04:05:33] "POST /SearchDep/ HTTP/1.1" 200 -
Collecting brotlipy==0.7.0
  Using cached brotlipy-0.7.0-cp38-cp38-manylinux1_x86_64.whl (1.1 MB)
Collecting certifi==2022.12.7
  Using cached certifi-2022.12.7-py3-none-any.whl (155 kB)
Collecting cffi==1.15.1
  Using cached cffi-1.15.1-cp38-cp38-manylinux_2_17_x86_64.manylinux2014_x86_64.whl (442 kB)
Collecting pycparser
  Using cached pycparser-2.21-py2.py3-none-any.whl (118 kB)
Installing collected packages: pycparser, cffi, brotlipy, certifi
Successfully installed brotlipy-0.7.0 certifi-2022.12.7 cffi-1.15.1 pycparser-2.21
Collecting pipdeptree
  Using cached pipdeptree-2.7.1-py3-none-any.whl (17 kB)
Installing collected packages: pipdeptree
Successfully installed pipdeptree-2.7.1
Collecting graphviz
  Using cached graphviz-0.20.1-py3-none-any.whl (47 kB)
Installing collected packages: graphviz
Successfully installed graphviz-0.20.1
61.72.167.71 - - [28/May/2023 04:05:54] "POST /SearchDep/ HTTP/1.1" 200 -
Collecting brotlipy==0.7.0
  Using cached brotlipy-0.7.0-cp38-cp38-manylinux1_x86_64.whl (1.1 MB)
Collecting certifi==2022.12.7
  Using cached certifi-2022.12.7-py3-none-any.whl (155 kB)
Collecting cffi==1.15.1
  Using cached cffi-1.15.1-cp38-cp38-manylinux_2_17_x86_64.manylinux2014_x86_64.whl (442 kB)
Collecting pycparser
  Using cached pycparser-2.21-py2.py3-none-any.whl (118 kB)
Installing collected packages: pycparser, cffi, brotlipy, certifi
Successfully installed brotlipy-0.7.0 certifi-2022.12.7 cffi-1.15.1 pycparser-2.21
Collecting pipdeptree
  Using cached pipdeptree-2.7.1-py3-none-any.whl (17 kB)
Installing collected packages: pipdeptree
Successfully installed pipdeptree-2.7.1
Collecting graphviz
  Using cached graphviz-0.20.1-py3-none-any.whl (47 kB)
Installing collected packages: graphviz
Successfully installed graphviz-0.20.1
 * Debug mode: on
WARNING: This is a development server. Do not use it in a production deployment. Use a production WSGI server instead.
 * Running on all addresses (0.0.0.0)
 * Running on http://127.0.0.1:42598
 * Running on http://167.99.106.139:42598
Press CTRL+C to quit
 * Restarting with stat
 * Debugger is active!
 * Debugger PIN: 895-987-604
163.152.3.137 - - [31/May/2023 05:14:35] "GET /api-docs HTTP/1.1" 200 -
163.152.3.137 - - [31/May/2023 05:14:35] "GET /swaggerui/droid-sans.css HTTP/1.1" 304 -
163.152.3.137 - - [31/May/2023 05:14:35] "GET /swaggerui/swagger-ui.css HTTP/1.1" 200 -
163.152.3.137 - - [31/May/2023 05:14:35] "GET /swaggerui/swagger-ui-bundle.js HTTP/1.1" 200 -
163.152.3.137 - - [31/May/2023 05:14:35] "GET /swaggerui/swagger-ui-standalone-preset.js HTTP/1.1" 200 -
163.152.3.137 - - [31/May/2023 05:14:37] "GET /swaggerui/favicon-32x32.png HTTP/1.1" 304 -
163.152.3.137 - - [31/May/2023 05:14:37] "GET /swagger.json HTTP/1.1" 200 -
163.152.3.137 - - [31/May/2023 05:14:37] "GET /swaggerui/favicon-32x32.png HTTP/1.1" 304 -
163.152.3.132 - - [31/May/2023 05:20:31] "POST /SearchDep/ HTTP/1.1" 400 -
163.152.3.132 - - [31/May/2023 05:20:32] "POST /SearchDep/ HTTP/1.1" 400 -
163.152.3.132 - - [31/May/2023 05:23:24] "POST /SearchDep/ HTTP/1.1" 200 -
ERROR: Invalid requirement: '"brotlipy==0.7.0\\ncertifi==2022.12.7\\ncffi==1.15.1"' (from line 1 of requirments.txt)
Collecting pipdeptree
  Using cached pipdeptree-2.7.1-py3-none-any.whl (17 kB)
Installing collected packages: pipdeptree
Successfully installed pipdeptree-2.7.1
Collecting graphviz
  Using cached graphviz-0.20.1-py3-none-any.whl (47 kB)
Installing collected packages: graphviz
Successfully installed graphviz-0.20.1
163.152.3.135 - - [01/Jun/2023 01:46:37] "GET /api-docs HTTP/1.1" 200 -
163.152.3.135 - - [01/Jun/2023 01:46:38] "GET /swaggerui/droid-sans.css HTTP/1.1" 304 -
163.152.3.135 - - [01/Jun/2023 01:46:38] "GET /swaggerui/swagger-ui.css HTTP/1.1" 200 -
163.152.3.135 - - [01/Jun/2023 01:46:38] "GET /swaggerui/swagger-ui-standalone-preset.js HTTP/1.1" 200 -
163.152.3.135 - - [01/Jun/2023 01:46:38] "GET /swaggerui/swagger-ui-bundle.js HTTP/1.1" 200 -
163.152.3.135 - - [01/Jun/2023 01:46:39] "GET /swaggerui/favicon-32x32.png HTTP/1.1" 304 -
163.152.3.135 - - [01/Jun/2023 01:46:40] "GET /swagger.json HTTP/1.1" 200 -
219.250.39.216 - - [01/Jun/2023 12:24:45] "POST /SearchDep/ HTTP/1.1" 200 -
ERROR: Invalid requirement: '"brotlipy==1\\ncertifi==1\\ncffi==1"' (from line 1 of requirments.txt)
Collecting pipdeptree
  Using cached pipdeptree-2.7.1-py3-none-any.whl (17 kB)
Installing collected packages: pipdeptree
Successfully installed pipdeptree-2.7.1
Collecting graphviz
  Using cached graphviz-0.20.1-py3-none-any.whl (47 kB)
Installing collected packages: graphviz
Successfully installed graphviz-0.20.1
219.250.39.216 - - [01/Jun/2023 12:30:02] "POST /SearchDep/ HTTP/1.1" 200 -
ERROR: Invalid requirement: '"brotlipy==1\\ncertifi==1\\ncffi==1"' (from line 1 of requirments.txt)
Collecting pipdeptree
  Using cached pipdeptree-2.7.1-py3-none-any.whl (17 kB)
Installing collected packages: pipdeptree
Successfully installed pipdeptree-2.7.1
Collecting graphviz
  Using cached graphviz-0.20.1-py3-none-any.whl (47 kB)
Installing collected packages: graphviz
Successfully installed graphviz-0.20.1
219.250.39.216 - - [01/Jun/2023 12:31:28] "POST /SearchDep/ HTTP/1.1" 200 -
ERROR: Invalid requirement: '"brotlipy==1\\ncertifi==1\\ncffi==1"' (from line 1 of requirments.txt)
Collecting pipdeptree
  Using cached pipdeptree-2.7.1-py3-none-any.whl (17 kB)
Installing collected packages: pipdeptree
Successfully installed pipdeptree-2.7.1
Collecting graphviz
  Using cached graphviz-0.20.1-py3-none-any.whl (47 kB)
Installing collected packages: graphviz
Successfully installed graphviz-0.20.1
219.250.39.216 - - [01/Jun/2023 12:35:44] "POST /SearchDep/ HTTP/1.1" 200 -
ERROR: Invalid requirement: '"brotlipy==1\\ncertifi==1\\ncffi==1"' (from line 1 of requirments.txt)
Collecting pipdeptree
  Using cached pipdeptree-2.7.1-py3-none-any.whl (17 kB)
Installing collected packages: pipdeptree
Successfully installed pipdeptree-2.7.1
Collecting graphviz
  Using cached graphviz-0.20.1-py3-none-any.whl (47 kB)
Installing collected packages: graphviz
Successfully installed graphviz-0.20.1
219.250.39.216 - - [01/Jun/2023 12:37:42] "POST /SearchDep/ HTTP/1.1" 200 -
ERROR: Invalid requirement: '"brotlipy==1\\ncertifi==1\\ncffi==1"' (from line 1 of requirments.txt)
Collecting pipdeptree
  Using cached pipdeptree-2.7.1-py3-none-any.whl (17 kB)
Installing collected packages: pipdeptree
Successfully installed pipdeptree-2.7.1
Collecting graphviz
  Using cached graphviz-0.20.1-py3-none-any.whl (47 kB)
Installing collected packages: graphviz
Successfully installed graphviz-0.20.1
219.250.39.216 - - [01/Jun/2023 12:37:58] "POST /SearchDep/ HTTP/1.1" 200 -
ERROR: Invalid requirement: '"brotlipy==1\\ncertifi==1\\ncffi==1"' (from line 1 of requirments.txt)
Collecting pipdeptree
  Using cached pipdeptree-2.7.1-py3-none-any.whl (17 kB)
Installing collected packages: pipdeptree
Successfully installed pipdeptree-2.7.1
Collecting graphviz
  Using cached graphviz-0.20.1-py3-none-any.whl (47 kB)
Installing collected packages: graphviz
Successfully installed graphviz-0.20.1
219.250.39.216 - - [01/Jun/2023 12:38:13] "POST /SearchDep/ HTTP/1.1" 200 -
ERROR: Invalid requirement: '"brotlipy==1\\ncertifi==1\\ncffi==1"' (from line 1 of requirments.txt)
Collecting pipdeptree
  Using cached pipdeptree-2.7.1-py3-none-any.whl (17 kB)
Installing collected packages: pipdeptree
Successfully installed pipdeptree-2.7.1
Collecting graphviz
  Using cached graphviz-0.20.1-py3-none-any.whl (47 kB)
Installing collected packages: graphviz
Successfully installed graphviz-0.20.1
219.250.39.216 - - [01/Jun/2023 12:38:25] "POST /SearchDep/ HTTP/1.1" 200 -
ERROR: Invalid requirement: '"brotlipy==1\\ncertifi==1\\ncffi==1"' (from line 1 of requirments.txt)
Collecting pipdeptree
  Using cached pipdeptree-2.7.1-py3-none-any.whl (17 kB)
Installing collected packages: pipdeptree
Successfully installed pipdeptree-2.7.1
Collecting graphviz
  Using cached graphviz-0.20.1-py3-none-any.whl (47 kB)
Installing collected packages: graphviz
Successfully installed graphviz-0.20.1
219.250.39.216 - - [01/Jun/2023 12:39:27] "POST /SearchDep/ HTTP/1.1" 200 -
ERROR: Invalid requirement: '"brotlipy==1\\ncertifi==1\\ncffi==1"' (from line 1 of requirments.txt)
Collecting pipdeptree
  Using cached pipdeptree-2.7.1-py3-none-any.whl (17 kB)
Installing collected packages: pipdeptree
Successfully installed pipdeptree-2.7.1
Collecting graphviz
  Using cached graphviz-0.20.1-py3-none-any.whl (47 kB)
Installing collected packages: graphviz
Successfully installed graphviz-0.20.1
219.250.39.216 - - [01/Jun/2023 12:39:59] "POST /SearchDep/ HTTP/1.1" 200 -
ERROR: Invalid requirement: '"brotlipy==1\\ncertifi==1\\ncffi==1"' (from line 1 of requirments.txt)
Collecting pipdeptree
  Using cached pipdeptree-2.7.1-py3-none-any.whl (17 kB)
Installing collected packages: pipdeptree
Successfully installed pipdeptree-2.7.1
Collecting graphviz
  Using cached graphviz-0.20.1-py3-none-any.whl (47 kB)
Installing collected packages: graphviz
Successfully installed graphviz-0.20.1
219.250.39.216 - - [01/Jun/2023 12:41:53] "POST /SearchDep/ HTTP/1.1" 200 -
ERROR: Invalid requirement: '"brotlipy==1\\ncertifi==1\\ncffi==1"' (from line 1 of requirments.txt)
Collecting pipdeptree
  Using cached pipdeptree-2.7.1-py3-none-any.whl (17 kB)
Installing collected packages: pipdeptree
Successfully installed pipdeptree-2.7.1
Collecting graphviz
  Using cached graphviz-0.20.1-py3-none-any.whl (47 kB)
Installing collected packages: graphviz
Successfully installed graphviz-0.20.1
219.250.39.216 - - [01/Jun/2023 12:45:55] "POST /SearchDep/ HTTP/1.1" 200 -
ERROR: Invalid requirement: '"brotlipy==1\\ncertifi==1\\ncffi==1"' (from line 1 of requirments.txt)
Collecting pipdeptree
  Using cached pipdeptree-2.7.1-py3-none-any.whl (17 kB)
Installing collected packages: pipdeptree
Successfully installed pipdeptree-2.7.1
Collecting graphviz
  Using cached graphviz-0.20.1-py3-none-any.whl (47 kB)
Installing collected packages: graphviz
Successfully installed graphviz-0.20.1
219.250.39.216 - - [01/Jun/2023 12:47:53] "POST /SearchDep/ HTTP/1.1" 200 -
ERROR: Invalid requirement: '"brotlipy==1\\ncertifi==2\\ncffi==3"' (from line 1 of requirments.txt)
Collecting pipdeptree
  Using cached pipdeptree-2.7.1-py3-none-any.whl (17 kB)
Installing collected packages: pipdeptree
Successfully installed pipdeptree-2.7.1
Collecting graphviz
  Using cached graphviz-0.20.1-py3-none-any.whl (47 kB)
Installing collected packages: graphviz
Successfully installed graphviz-0.20.1
219.250.39.216 - - [01/Jun/2023 12:52:56] "POST /SearchDep/ HTTP/1.1" 200 -
ERROR: Invalid requirement: '"brotlipy==1\\ncertifi==2\\ncffi==3"' (from line 1 of requirments.txt)
Collecting pipdeptree
  Using cached pipdeptree-2.7.1-py3-none-any.whl (17 kB)
Installing collected packages: pipdeptree
Successfully installed pipdeptree-2.7.1
Collecting graphviz
  Using cached graphviz-0.20.1-py3-none-any.whl (47 kB)
Installing collected packages: graphviz
Successfully installed graphviz-0.20.1
219.250.39.216 - - [01/Jun/2023 12:53:09] "POST /SearchDep/ HTTP/1.1" 200 -
ERROR: Invalid requirement: '"brotlipy==1\\ncertifi==2\\ncffi==3"' (from line 1 of requirments.txt)
Collecting pipdeptree
  Using cached pipdeptree-2.7.1-py3-none-any.whl (17 kB)
Installing collected packages: pipdeptree
Successfully installed pipdeptree-2.7.1
Collecting graphviz
  Using cached graphviz-0.20.1-py3-none-any.whl (47 kB)
Installing collected packages: graphviz
Successfully installed graphviz-0.20.1
219.250.39.216 - - [01/Jun/2023 12:53:20] "POST /SearchDep/ HTTP/1.1" 200 -
ERROR: Invalid requirement: '"brotlipy==1\\ncertifi==2\\ncffi==3"' (from line 1 of requirments.txt)
Collecting pipdeptree
  Using cached pipdeptree-2.7.1-py3-none-any.whl (17 kB)
Installing collected packages: pipdeptree
Successfully installed pipdeptree-2.7.1
Collecting graphviz
  Using cached graphviz-0.20.1-py3-none-any.whl (47 kB)
Installing collected packages: graphviz
Successfully installed graphviz-0.20.1
219.250.39.216 - - [01/Jun/2023 12:53:31] "POST /SearchDep/ HTTP/1.1" 200 -
ERROR: Invalid requirement: '"brotlipy==1\\ncertifi==2\\ncffi==3"' (from line 1 of requirments.txt)
Collecting pipdeptree
  Using cached pipdeptree-2.7.1-py3-none-any.whl (17 kB)
Installing collected packages: pipdeptree
Successfully installed pipdeptree-2.7.1
Collecting graphviz
  Using cached graphviz-0.20.1-py3-none-any.whl (47 kB)
Installing collected packages: graphviz
Successfully installed graphviz-0.20.1
ERROR: Invalid requirement: '"brotlipy==1\\ncertifi==2\\ncffi==3"' (from line 1 of requirments.txt)
./make_env.sh: 6: ./tmp/bin/pip: not found
./make_env.sh: 7: ./tmp/bin/pip: not found
./make_env.sh: 8: ./tmp/bin/python: not found
219.250.39.216 - - [01/Jun/2023 12:53:44] "POST /SearchDep/ HTTP/1.1" 200 -
219.250.39.216 - - [01/Jun/2023 12:53:44] "POST /SearchDep/ HTTP/1.1" 200 -
ERROR: Invalid requirement: '"brotlipy==1\\ncertifi==2\\ncffi==3"' (from line 1 of requirments.txt)
Collecting pipdeptree
  Using cached pipdeptree-2.7.1-py3-none-any.whl (17 kB)
Installing collected packages: pipdeptree
Successfully installed pipdeptree-2.7.1
Collecting graphviz
  Using cached graphviz-0.20.1-py3-none-any.whl (47 kB)
Installing collected packages: graphviz
Successfully installed graphviz-0.20.1
219.250.39.216 - - [01/Jun/2023 13:08:37] "POST /SearchDep/ HTTP/1.1" 200 -
ERROR: Invalid requirement: '"brotlipy==1\\ncertifi==2\\ncffi==3"' (from line 1 of requirments.txt)
Collecting pipdeptree
  Using cached pipdeptree-2.7.1-py3-none-any.whl (17 kB)
Installing collected packages: pipdeptree
Successfully installed pipdeptree-2.7.1
Collecting graphviz
  Using cached graphviz-0.20.1-py3-none-any.whl (47 kB)
Installing collected packages: graphviz
Successfully installed graphviz-0.20.1
219.250.39.216 - - [01/Jun/2023 13:09:06] "POST /SearchDep/ HTTP/1.1" 200 -
ERROR: Invalid requirement: '"' (from line 1 of requirments.txt)
Collecting pipdeptree
  Using cached pipdeptree-2.7.1-py3-none-any.whl (17 kB)
Installing collected packages: pipdeptree
Successfully installed pipdeptree-2.7.1
Collecting graphviz
  Using cached graphviz-0.20.1-py3-none-any.whl (47 kB)
Installing collected packages: graphviz
Successfully installed graphviz-0.20.1
219.250.39.216 - - [01/Jun/2023 13:10:39] "POST /SearchDep/ HTTP/1.1" 200 -
ERROR: Invalid requirement: '"brotlipy==3\\ncertifi==2\\ncffi==1"' (from line 1 of requirments.txt)
ERROR: Invalid requirement: '"brotlipy==3\\ncertifi==2\\ncffi==1"' (from line 1 of requirments.txt)
Collecting pipdeptree
  Using cached pipdeptree-2.7.1-py3-none-any.whl (17 kB)
Installing collected packages: pipdeptree
Successfully installed pipdeptree-2.7.1
Requirement already satisfied: pipdeptree in ./tmp/lib/python3.8/site-packages (2.7.1)
Collecting graphviz
  Using cached graphviz-0.20.1-py3-none-any.whl (47 kB)
Installing collected packages: graphviz
Successfully installed graphviz-0.20.1
Requirement already satisfied: graphviz in ./tmp/lib/python3.8/site-packages (0.20.1)
ERROR: Invalid requirement: '"brotlipy==0.7\\ncertifi==2\\ncffi==1"' (from line 1 of requirments.txt)
219.250.39.216 - - [01/Jun/2023 13:11:01] "POST /SearchDep/ HTTP/1.1" 200 -
219.250.39.216 - - [01/Jun/2023 13:11:01] "POST /SearchDep/ HTTP/1.1" 200 -
219.250.39.216 - - [01/Jun/2023 13:11:01] "POST /SearchDep/ HTTP/1.1" 200 -
219.250.39.216 - - [01/Jun/2023 13:11:01] "POST /SearchDep/ HTTP/1.1" 200 -
219.250.39.216 - - [01/Jun/2023 13:11:02] "POST /SearchDep/ HTTP/1.1" 200 -
Traceback (most recent call last):
  File "./tmp/bin/pip", line 5, in <module>
  File "/home/m0nd2y/SearchVuln/tmp/lib/python3.8/site-packages/pip/_internal/cli/main.py", line 10, in <module>
  File "/home/m0nd2y/SearchVuln/tmp/lib/python3.8/site-packages/pip/_internal/cli/autocompletion.py", line 9, in <module>
  File "/home/m0nd2y/SearchVuln/tmp/lib/python3.8/site-packages/pip/_internal/cli/main_parser.py", line 7, in <module>
  File "/home/m0nd2y/SearchVuln/tmp/lib/python3.8/site-packages/pip/_internal/cli/cmdoptions.py", line 25, in <module>
ModuleNotFoundError: No module named 'pip._internal.locations'
./make_env.sh: 6: ./tmp/bin/pip: not found
./make_env.sh: 7: ./tmp/bin/pip: not found
/home/m0nd2y/SearchVuln/tmp/bin/python: No module named pipdeptree
Traceback (most recent call last):
  File "./tmp/bin/pip", line 5, in <module>
  File "/home/m0nd2y/SearchVuln/tmp/lib/python3.8/site-packages/pip/_internal/cli/main.py", line 10, in <module>
  File "/home/m0nd2y/SearchVuln/tmp/lib/python3.8/site-packages/pip/_internal/cli/autocompletion.py", line 9, in <module>
  File "/home/m0nd2y/SearchVuln/tmp/lib/python3.8/site-packages/pip/_internal/cli/main_parser.py", line 7, in <module>
  File "/home/m0nd2y/SearchVuln/tmp/lib/python3.8/site-packages/pip/_internal/cli/cmdoptions.py", line 25, in <module>
ModuleNotFoundError: No module named 'pip._internal.locations'
./make_env.sh: 6: ./tmp/bin/pip: not found
./make_env.sh: 7: ./tmp/bin/pip: not found
./make_env.sh: 8: ./tmp/bin/python: not found
Traceback (most recent call last):
  File "./tmp/bin/pip", line 5, in <module>
  File "/home/m0nd2y/SearchVuln/tmp/lib/python3.8/site-packages/pip/_internal/cli/main.py", line 10, in <module>
  File "/home/m0nd2y/SearchVuln/tmp/lib/python3.8/site-packages/pip/_internal/cli/autocompletion.py", line 9, in <module>
  File "/home/m0nd2y/SearchVuln/tmp/lib/python3.8/site-packages/pip/_internal/cli/main_parser.py", line 7, in <module>
  File "/home/m0nd2y/SearchVuln/tmp/lib/python3.8/site-packages/pip/_internal/cli/cmdoptions.py", line 25, in <module>
ModuleNotFoundError: No module named 'pip._internal.locations'
Traceback (most recent call last):
  File "./tmp/bin/pip", line 5, in <module>
  File "/home/m0nd2y/SearchVuln/tmp/lib/python3.8/site-packages/pip/_internal/cli/main.py", line 10, in <module>
  File "/home/m0nd2y/SearchVuln/tmp/lib/python3.8/site-packages/pip/_internal/cli/autocompletion.py", line 9, in <module>
  File "/home/m0nd2y/SearchVuln/tmp/lib/python3.8/site-packages/pip/_internal/cli/main_parser.py", line 7, in <module>
  File "/home/m0nd2y/SearchVuln/tmp/lib/python3.8/site-packages/pip/_internal/cli/cmdoptions.py", line 25, in <module>
ModuleNotFoundError: No module named 'pip._internal.locations'
./make_env.sh: 6: ./tmp/bin/pip: not found
./make_env.sh: 7: ./tmp/bin/pip: not found
./make_env.sh: 8: ./tmp/bin/python: not found
./make_env.sh: 6: ./tmp/bin/pip: not found
./make_env.sh: 7: ./tmp/bin/pip: not found
./make_env.sh: 8: ./tmp/bin/python: not found
Traceback (most recent call last):
  File "./tmp/bin/pip", line 5, in <module>
  File "/home/m0nd2y/SearchVuln/tmp/lib/python3.8/site-packages/pip/_internal/cli/main.py", line 10, in <module>
  File "/home/m0nd2y/SearchVuln/tmp/lib/python3.8/site-packages/pip/_internal/cli/autocompletion.py", line 9, in <module>
  File "/home/m0nd2y/SearchVuln/tmp/lib/python3.8/site-packages/pip/_internal/cli/main_parser.py", line 7, in <module>
  File "/home/m0nd2y/SearchVuln/tmp/lib/python3.8/site-packages/pip/_internal/cli/cmdoptions.py", line 25, in <module>
ModuleNotFoundError: No module named 'pip._internal.locations'
./make_env.sh: 7: ./tmp/bin/pip: not found
./make_env.sh: 8: ./tmp/bin/python: not found
219.250.39.216 - - [01/Jun/2023 13:11:05] "POST /SearchDep/ HTTP/1.1" 200 -
219.250.39.216 - - [01/Jun/2023 13:11:05] "POST /SearchDep/ HTTP/1.1" 200 -
219.250.39.216 - - [01/Jun/2023 13:11:05] "POST /SearchDep/ HTTP/1.1" 200 -
./make_env.sh: 5: ./tmp/bin/pip: not found
./make_env.sh: 6: ./tmp/bin/pip: not found
./make_env.sh: 7: ./tmp/bin/pip: not found
./make_env.sh: 8: ./tmp/bin/python: not found
Error: Command '['/home/m0nd2y/SearchVuln/tmp/bin/python3', '-Im', 'ensurepip', '--upgrade', '--default-pip']' returned non-zero exit status 1.
./make_env.sh: 5: ./tmp/bin/pip: not found
./make_env.sh: 6: ./tmp/bin/pip: not found
./make_env.sh: 7: ./tmp/bin/pip: not found
./make_env.sh: 8: ./tmp/bin/python: not found
219.250.39.216 - - [01/Jun/2023 13:14:31] "GET /api-docs HTTP/1.1" 200 -
219.250.39.216 - - [01/Jun/2023 13:14:31] "GET /swaggerui/droid-sans.css HTTP/1.1" 200 -
219.250.39.216 - - [01/Jun/2023 13:14:31] "GET /swaggerui/swagger-ui.css HTTP/1.1" 200 -
219.250.39.216 - - [01/Jun/2023 13:14:31] "GET /swaggerui/swagger-ui-bundle.js HTTP/1.1" 200 -
219.250.39.216 - - [01/Jun/2023 13:14:31] "GET /swaggerui/swagger-ui-standalone-preset.js HTTP/1.1" 200 -
219.250.39.216 - - [01/Jun/2023 13:14:32] "GET /swagger.json HTTP/1.1" 200 -
219.250.39.216 - - [01/Jun/2023 13:15:04] "POST /SearchDep/ HTTP/1.1" 200 -
Collecting brotlipy==0.7.0
  Using cached brotlipy-0.7.0-cp38-cp38-manylinux1_x86_64.whl (1.1 MB)
Collecting certifi==2022.12.7
  Using cached certifi-2022.12.7-py3-none-any.whl (155 kB)
Collecting cffi==1.15.1
  Using cached cffi-1.15.1-cp38-cp38-manylinux_2_17_x86_64.manylinux2014_x86_64.whl (442 kB)
Collecting pycparser
  Using cached pycparser-2.21-py2.py3-none-any.whl (118 kB)
Installing collected packages: pycparser, cffi, brotlipy, certifi
Successfully installed brotlipy-0.7.0 certifi-2022.12.7 cffi-1.15.1 pycparser-2.21
Collecting pipdeptree
  Using cached pipdeptree-2.7.1-py3-none-any.whl (17 kB)
Installing collected packages: pipdeptree
Successfully installed pipdeptree-2.7.1
Collecting graphviz
  Using cached graphviz-0.20.1-py3-none-any.whl (47 kB)
Installing collected packages: graphviz
Successfully installed graphviz-0.20.1
ERROR: Invalid requirement: '"' (from line 1 of requirments.txt)
Traceback (most recent call last):
  File "./tmp/bin/pip", line 5, in <module>
    from pip._internal.cli.main import main
  File "/home/m0nd2y/SearchVuln/tmp/lib/python3.8/site-packages/pip/_internal/cli/main.py", line 10, in <module>
  File "/home/m0nd2y/SearchVuln/tmp/lib/python3.8/site-packages/pip/_internal/cli/autocompletion.py", line 9, in <module>
  File "/home/m0nd2y/SearchVuln/tmp/lib/python3.8/site-packages/pip/_internal/cli/main_parser.py", line 7, in <module>
  File "/home/m0nd2y/SearchVuln/tmp/lib/python3.8/site-packages/pip/_internal/cli/cmdoptions.py", line 25, in <module>
ModuleNotFoundError: No module named 'pip._internal.locations'
./make_env.sh: 6: ./tmp/bin/pip: not found
./make_env.sh: 7: ./tmp/bin/pip: not found
./make_env.sh: 8: ./tmp/bin/python: not found
./make_env.sh: 6: ./tmp/bin/pip: not found
./make_env.sh: 7: ./tmp/bin/pip: not found
./make_env.sh: 8: ./tmp/bin/python: not found
Traceback (most recent call last):
  File "./tmp/bin/pip", line 5, in <module>
  File "/home/m0nd2y/SearchVuln/tmp/lib/python3.8/site-packages/pip/_internal/cli/main.py", line 10, in <module>
  File "/home/m0nd2y/SearchVuln/tmp/lib/python3.8/site-packages/pip/_internal/cli/autocompletion.py", line 9, in <module>
  File "/home/m0nd2y/SearchVuln/tmp/lib/python3.8/site-packages/pip/_internal/cli/main_parser.py", line 7, in <module>
  File "/home/m0nd2y/SearchVuln/tmp/lib/python3.8/site-packages/pip/_internal/cli/cmdoptions.py", line 25, in <module>
ModuleNotFoundError: No module named 'pip._internal.locations'
./make_env.sh: 6: ./tmp/bin/pip: not found
./make_env.sh: 7: ./tmp/bin/pip: not found
./make_env.sh: 8: ./tmp/bin/python: not found
Traceback (most recent call last):
  File "./tmp/bin/pip", line 5, in <module>
  File "/home/m0nd2y/SearchVuln/tmp/lib/python3.8/site-packages/pip/_internal/cli/main.py", line 10, in <module>
  File "/home/m0nd2y/SearchVuln/tmp/lib/python3.8/site-packages/pip/_internal/cli/autocompletion.py", line 9, in <module>
  File "/home/m0nd2y/SearchVuln/tmp/lib/python3.8/site-packages/pip/_internal/cli/main_parser.py", line 7, in <module>
  File "/home/m0nd2y/SearchVuln/tmp/lib/python3.8/site-packages/pip/_internal/cli/cmdoptions.py", line 25, in <module>
ModuleNotFoundError: No module named 'pip._internal.locations'
./make_env.sh: 6: ./tmp/bin/pip: not found
Traceback (most recent call last):
  File "./tmp/bin/pip", line 5, in <module>
  File "/home/m0nd2y/SearchVuln/tmp/lib/python3.8/site-packages/pip/_internal/cli/main.py", line 10, in <module>
  File "/home/m0nd2y/SearchVuln/tmp/lib/python3.8/site-packages/pip/_internal/cli/autocompletion.py", line 9, in <module>
  File "/home/m0nd2y/SearchVuln/tmp/lib/python3.8/site-packages/pip/_internal/cli/main_parser.py", line 7, in <module>
  File "/home/m0nd2y/SearchVuln/tmp/lib/python3.8/site-packages/pip/_internal/cli/cmdoptions.py", line 25, in <module>
ModuleNotFoundError: No module named 'pip._internal.locations'
./make_env.sh: 7: ./tmp/bin/pip: not found
./make_env.sh: 8: ./tmp/bin/python: not found
./make_env.sh: 6: ./tmp/bin/pip: not found
./make_env.sh: 7: ./tmp/bin/pip: not found
./make_env.sh: 8: ./tmp/bin/python: not found
Traceback (most recent call last):
  File "./tmp/bin/pip", line 5, in <module>
  File "/home/m0nd2y/SearchVuln/tmp/lib/python3.8/site-packages/pip/_internal/cli/main.py", line 10, in <module>
  File "/home/m0nd2y/SearchVuln/tmp/lib/python3.8/site-packages/pip/_internal/cli/autocompletion.py", line 9, in <module>
  File "/home/m0nd2y/SearchVuln/tmp/lib/python3.8/site-packages/pip/_internal/cli/main_parser.py", line 7, in <module>
  File "/home/m0nd2y/SearchVuln/tmp/lib/python3.8/site-packages/pip/_internal/cli/cmdoptions.py", line 25, in <module>
ModuleNotFoundError: No module named 'pip._internal.locations'
./make_env.sh: 6: ./tmp/bin/pip: not found
./make_env.sh: 7: ./tmp/bin/pip: not found
./make_env.sh: 8: ./tmp/bin/python: not found
219.250.39.216 - - [01/Jun/2023 13:15:28] "POST /SearchDep/ HTTP/1.1" 200 -
219.250.39.216 - - [01/Jun/2023 13:15:28] "POST /SearchDep/ HTTP/1.1" 200 -
219.250.39.216 - - [01/Jun/2023 13:15:28] "POST /SearchDep/ HTTP/1.1" 200 -
219.250.39.216 - - [01/Jun/2023 13:15:28] "POST /SearchDep/ HTTP/1.1" 200 -
ERROR: Invalid requirement: '"' (from line 1 of requirments.txt)
ERROR: Invalid requirement: '"' (from line 1 of requirments.txt)
Collecting pipdeptree
  Using cached pipdeptree-2.7.1-py3-none-any.whl (17 kB)
Installing collected packages: pipdeptree
Successfully installed pipdeptree-2.7.1
Requirement already satisfied: pipdeptree in ./tmp/lib/python3.8/site-packages (2.7.1)
Collecting graphviz
  Using cached graphviz-0.20.1-py3-none-any.whl (47 kB)
Collecting graphviz
  Using cached graphviz-0.20.1-py3-none-any.whl (47 kB)
Installing collected packages: graphviz
Installing collected packages: graphviz
Successfully installed graphviz-0.20.1
Successfully installed graphviz-0.20.1
Traceback (most recent call last):
  File "/usr/share/python-wheels/pkg_resources-0.0.0-py2.py3-none-any.whl/pkg_resources/__init__.py", line 3021, in _dep_map
  File "/usr/share/python-wheels/pkg_resources-0.0.0-py2.py3-none-any.whl/pkg_resources/__init__.py", line 2815, in __getattr__
AttributeError: _DistInfoDistribution__dep_map

During handling of the above exception, another exception occurred:

Traceback (most recent call last):
  File "/usr/share/python-wheels/pkg_resources-0.0.0-py2.py3-none-any.whl/pkg_resources/__init__.py", line 3012, in _parsed_pkg_info
  File "/usr/share/python-wheels/pkg_resources-0.0.0-py2.py3-none-any.whl/pkg_resources/__init__.py", line 2815, in __getattr__
AttributeError: _pkg_info

During handling of the above exception, another exception occurred:

Traceback (most recent call last):
  File "/usr/lib/python3.8/runpy.py", line 194, in _run_module_as_main
    return _run_code(code, main_globals, None,
  File "/usr/lib/python3.8/runpy.py", line 87, in _run_code
    exec(code, run_globals)
  File "/home/m0nd2y/SearchVuln/tmp/lib/python3.8/site-packages/pipdeptree/__main__.py", line 6, in <module>
    sys.exit(main())
  File "/home/m0nd2y/SearchVuln/tmp/lib/python3.8/site-packages/pipdeptree/__init__.py", line 962, in main
    tree = PackageDAG.from_pkgs(pkgs)
  File "/home/m0nd2y/SearchVuln/tmp/lib/python3.8/site-packages/pipdeptree/__init__.py", line 275, in from_pkgs
    m = {p: [ReqPackage(r, idx.get(r.key)) for r in p.requires()] for p in pkgs}
  File "/home/m0nd2y/SearchVuln/tmp/lib/python3.8/site-packages/pipdeptree/__init__.py", line 275, in <dictcomp>
    m = {p: [ReqPackage(r, idx.get(r.key)) for r in p.requires()] for p in pkgs}
  File "/usr/share/python-wheels/pkg_resources-0.0.0-py2.py3-none-any.whl/pkg_resources/__init__.py", line 2736, in requires
  File "/usr/share/python-wheels/pkg_resources-0.0.0-py2.py3-none-any.whl/pkg_resources/__init__.py", line 3023, in _dep_map
  File "/usr/share/python-wheels/pkg_resources-0.0.0-py2.py3-none-any.whl/pkg_resources/__init__.py", line 3032, in _compute_dependencies
  File "/usr/share/python-wheels/pkg_resources-0.0.0-py2.py3-none-any.whl/pkg_resources/__init__.py", line 3014, in _parsed_pkg_info
  File "/usr/share/python-wheels/pkg_resources-0.0.0-py2.py3-none-any.whl/pkg_resources/__init__.py", line 1420, in get_metadata
  File "/usr/share/python-wheels/pkg_resources-0.0.0-py2.py3-none-any.whl/pkg_resources/__init__.py", line 1616, in _get
FileNotFoundError: [Errno 2] No such file or directory: '/home/m0nd2y/SearchVuln/tmp/lib/python3.8/site-packages/setuptools-44.0.0.dist-info/METADATA'
219.250.39.216 - - [01/Jun/2023 13:15:40] "POST /SearchDep/ HTTP/1.1" 200 -
219.250.39.216 - - [01/Jun/2023 13:15:41] "POST /SearchDep/ HTTP/1.1" 200 -
219.250.39.216 - - [01/Jun/2023 13:15:41] "POST /SearchDep/ HTTP/1.1" 200 -
219.250.39.216 - - [01/Jun/2023 13:15:41] "POST /SearchDep/ HTTP/1.1" 200 -
219.250.39.216 - - [01/Jun/2023 13:15:56] "POST /SearchDep/ HTTP/1.1" 200 -
ERROR: Invalid requirement: '"brotlipy==0.7.0\\ncertifi==2022.12.7\\ncffi==1.15.1"' (from line 1 of requirments.txt)
ERROR: Invalid requirement: '"brotlipy==0.7.0\\ncertifi==2022.12.7\\ncffi==1.15.1"' (from line 1 of requirments.txt)
ERROR: Invalid requirement: '"brotlipy==0.7.0\\ncertifi==2022.12.7\\ncffi==1.15.1"' (from line 1 of requirments.txt)
Collecting pipdeptree
  Using cached pipdeptree-2.7.1-py3-none-any.whl (17 kB)
ERROR: Invalid requirement: '"brotlipy==0.7.0\\ncertifi==2022.12.7\\ncffi==1.15.1"' (from line 1 of requirments.txt)
Installing collected packages: pipdeptree
Successfully installed pipdeptree-2.7.1
ERROR: Invalid requirement: '"brotlipy==0.7.0\\ncertifi==2022.12.7\\ncffi==1.15.1"' (from line 1 of requirments.txt)
ERROR: Invalid requirement: '"brotlipy==0.7.0\\ncertifi==2022.12.7\\ncffi==1.15.1"' (from line 1 of requirments.txt)
ERROR: Invalid requirement: '"brotlipy==0.7.0\\ncertifi==2022.12.7\\ncffi==1.15.1"' (from line 1 of requirments.txt)
Requirement already satisfied: pipdeptree in ./tmp/lib/python3.8/site-packages (2.7.1)
Requirement already satisfied: pipdeptree in ./tmp/lib/python3.8/site-packages (2.7.1)
Requirement already satisfied: pipdeptree in ./tmp/lib/python3.8/site-packages (2.7.1)
Collecting graphviz
Requirement already satisfied: pipdeptree in ./tmp/lib/python3.8/site-packages (2.7.1)
  Using cached graphviz-0.20.1-py3-none-any.whl (47 kB)
Requirement already satisfied: pipdeptree in ./tmp/lib/python3.8/site-packages (2.7.1)
Installing collected packages: graphviz
Requirement already satisfied: pipdeptree in ./tmp/lib/python3.8/site-packages (2.7.1)
Successfully installed graphviz-0.20.1
Requirement already satisfied: graphviz in ./tmp/lib/python3.8/site-packages (0.20.1)
Requirement already satisfied: graphviz in ./tmp/lib/python3.8/site-packages (0.20.1)
Requirement already satisfied: graphviz in ./tmp/lib/python3.8/site-packages (0.20.1)
Requirement already satisfied: graphviz in ./tmp/lib/python3.8/site-packages (0.20.1)
Requirement already satisfied: graphviz in ./tmp/lib/python3.8/site-packages (0.20.1)
Requirement already satisfied: graphviz in ./tmp/lib/python3.8/site-packages (0.20.1)
Traceback (most recent call last):
  File "/usr/lib/python3.8/runpy.py", line 185, in _run_module_as_main
    mod_name, mod_spec, code = _get_module_details(mod_name, _Error)
  File "/usr/lib/python3.8/runpy.py", line 144, in _get_module_details
    return _get_module_details(pkg_main_name, error)
  File "/usr/lib/python3.8/runpy.py", line 111, in _get_module_details
    __import__(pkg_name)
  File "/home/m0nd2y/SearchVuln/tmp/lib/python3.8/site-packages/pipdeptree/__init__.py", line 16, in <module>
ModuleNotFoundError: No module named 'pip'
219.250.39.216 - - [01/Jun/2023 13:16:39] "POST /SearchDep/ HTTP/1.1" 200 -
Traceback (most recent call last):
  File "/usr/lib/python3.8/runpy.py", line 185, in _run_module_as_main
    mod_name, mod_spec, code = _get_module_details(mod_name, _Error)
  File "/usr/lib/python3.8/runpy.py", line 144, in _get_module_details
    return _get_module_details(pkg_main_name, error)
  File "/usr/lib/python3.8/runpy.py", line 111, in _get_module_details
    __import__(pkg_name)
  File "/home/m0nd2y/SearchVuln/tmp/lib/python3.8/site-packages/pipdeptree/__init__.py", line 16, in <module>
ModuleNotFoundError: No module named 'pip'
219.250.39.216 - - [01/Jun/2023 13:16:39] "POST /SearchDep/ HTTP/1.1" 200 -
219.250.39.216 - - [01/Jun/2023 13:16:39] "POST /SearchDep/ HTTP/1.1" 200 -
219.250.39.216 - - [01/Jun/2023 13:16:39] "POST /SearchDep/ HTTP/1.1" 200 -
219.250.39.216 - - [01/Jun/2023 13:16:39] "POST /SearchDep/ HTTP/1.1" 200 -
219.250.39.216 - - [01/Jun/2023 13:16:39] "POST /SearchDep/ HTTP/1.1" 200 -
Traceback (most recent call last):
  File "/usr/lib/python3.8/runpy.py", line 185, in _run_module_as_main
    mod_name, mod_spec, code = _get_module_details(mod_name, _Error)
  File "/usr/lib/python3.8/runpy.py", line 144, in _get_module_details
    return _get_module_details(pkg_main_name, error)
  File "/usr/lib/python3.8/runpy.py", line 111, in _get_module_details
    __import__(pkg_name)
  File "/home/m0nd2y/SearchVuln/tmp/lib/python3.8/site-packages/pipdeptree/__init__.py", line 18, in <module>
ModuleNotFoundError: No module named 'pipdeptree.version'
Traceback (most recent call last):
  File "/usr/lib/python3.8/runpy.py", line 185, in _run_module_as_main
    mod_name, mod_spec, code = _get_module_details(mod_name, _Error)
  File "/usr/lib/python3.8/runpy.py", line 144, in _get_module_details
    return _get_module_details(pkg_main_name, error)
  File "/usr/lib/python3.8/runpy.py", line 111, in _get_module_details
    __import__(pkg_name)
  File "/home/m0nd2y/SearchVuln/tmp/lib/python3.8/site-packages/pipdeptree/__init__.py", line 18, in <module>
ModuleNotFoundError: No module named 'pipdeptree.version'
219.250.39.216 - - [01/Jun/2023 13:16:41] "POST /SearchDep/ HTTP/1.1" 200 -
Traceback (most recent call last):
  File "/usr/lib/python3.8/runpy.py", line 185, in _run_module_as_main
    mod_name, mod_spec, code = _get_module_details(mod_name, _Error)
  File "/usr/lib/python3.8/runpy.py", line 144, in _get_module_details
    return _get_module_details(pkg_main_name, error)
  File "/usr/lib/python3.8/runpy.py", line 111, in _get_module_details
    __import__(pkg_name)
  File "/home/m0nd2y/SearchVuln/tmp/lib/python3.8/site-packages/pipdeptree/__init__.py", line 18, in <module>
ModuleNotFoundError: No module named 'pipdeptree.version'
Traceback (most recent call last):
  File "/usr/lib/python3.8/runpy.py", line 185, in _run_module_as_main
    mod_name, mod_spec, code = _get_module_details(mod_name, _Error)
  File "/usr/lib/python3.8/runpy.py", line 144, in _get_module_details
    return _get_module_details(pkg_main_name, error)
  File "/usr/lib/python3.8/runpy.py", line 111, in _get_module_details
    __import__(pkg_name)
  File "/home/m0nd2y/SearchVuln/tmp/lib/python3.8/site-packages/pipdeptree/__init__.py", line 18, in <module>
ModuleNotFoundError: No module named 'pipdeptree.version'
./make_env.sh: 5: ./tmp/bin/pip: not found
./make_env.sh: 6: ./tmp/bin/pip: not found
./make_env.sh: 7: ./tmp/bin/pip: not found
./make_env.sh: 8: ./tmp/bin/python: not found
219.250.39.216 - - [01/Jun/2023 13:17:08] "POST /SearchDep/ HTTP/1.1" 200 -
Collecting brotlipy==0.7.0
  Using cached brotlipy-0.7.0-cp38-cp38-manylinux1_x86_64.whl (1.1 MB)
Collecting certifi==2022.12.7
  Using cached certifi-2022.12.7-py3-none-any.whl (155 kB)
Collecting cffi==1.15.1
  Using cached cffi-1.15.1-cp38-cp38-manylinux_2_17_x86_64.manylinux2014_x86_64.whl (442 kB)
Collecting pycparser
  Using cached pycparser-2.21-py2.py3-none-any.whl (118 kB)
Installing collected packages: pycparser, cffi, brotlipy, certifi
Successfully installed brotlipy-0.7.0 certifi-2022.12.7 cffi-1.15.1 pycparser-2.21
Collecting pipdeptree
  Using cached pipdeptree-2.7.1-py3-none-any.whl (17 kB)
Installing collected packages: pipdeptree
Successfully installed pipdeptree-2.7.1
Collecting graphviz
  Using cached graphviz-0.20.1-py3-none-any.whl (47 kB)
Installing collected packages: graphviz
Successfully installed graphviz-0.20.1
219.250.39.216 - - [01/Jun/2023 13:17:31] "POST /SearchDep/ HTTP/1.1" 200 -
ERROR: Invalid requirement: '"brotlipy==0.7.0\\ncertifi==2022.12.7\\ncffi==1.15.1"' (from line 1 of requirments.txt)
Collecting pipdeptree
  Using cached pipdeptree-2.7.1-py3-none-any.whl (17 kB)
Installing collected packages: pipdeptree
Successfully installed pipdeptree-2.7.1
Collecting graphviz
  Using cached graphviz-0.20.1-py3-none-any.whl (47 kB)
Installing collected packages: graphviz
Successfully installed graphviz-0.20.1
163.152.3.137 - - [02/Jun/2023 02:28:35] "GET /api-docs HTTP/1.1" 200 -
163.152.3.137 - - [02/Jun/2023 02:28:35] "GET /swaggerui/swagger-ui.css HTTP/1.1" 200 -
163.152.3.137 - - [02/Jun/2023 02:28:35] "GET /swaggerui/droid-sans.css HTTP/1.1" 304 -
163.152.3.137 - - [02/Jun/2023 02:28:35] "GET /swaggerui/swagger-ui-bundle.js HTTP/1.1" 200 -
163.152.3.137 - - [02/Jun/2023 02:28:35] "GET /swaggerui/swagger-ui-standalone-preset.js HTTP/1.1" 200 -
163.152.3.137 - - [02/Jun/2023 02:28:37] "GET /swaggerui/favicon-32x32.png HTTP/1.1" 304 -
163.152.3.137 - - [02/Jun/2023 02:28:37] "GET /swagger.json HTTP/1.1" 200 -
163.152.3.141 - - [02/Jun/2023 05:45:10] "GET /api-docs HTTP/1.1" 200 -
163.152.3.141 - - [02/Jun/2023 05:45:11] "GET /swaggerui/swagger-ui-bundle.js HTTP/1.1" 200 -
163.152.3.141 - - [02/Jun/2023 05:45:11] "GET /swaggerui/droid-sans.css HTTP/1.1" 304 -
163.152.3.141 - - [02/Jun/2023 05:45:11] "GET /swaggerui/swagger-ui.css HTTP/1.1" 304 -
163.152.3.141 - - [02/Jun/2023 05:45:11] "GET /swaggerui/swagger-ui-standalone-preset.js HTTP/1.1" 304 -
163.152.3.141 - - [02/Jun/2023 05:45:12] "GET /swaggerui/favicon-32x32.png HTTP/1.1" 304 -
163.152.3.141 - - [02/Jun/2023 05:45:13] "GET /swagger.json HTTP/1.1" 200 -
163.152.3.141 - - [02/Jun/2023 05:45:18] "POST /SearchVuln/ HTTP/1.1" 200 -
61.72.167.71 - - [02/Jun/2023 11:21:47] "GET /api-docs HTTP/1.1" 200 -
61.72.167.71 - - [02/Jun/2023 11:21:47] "GET /swaggerui/droid-sans.css HTTP/1.1" 200 -
61.72.167.71 - - [02/Jun/2023 11:21:47] "GET /swaggerui/swagger-ui.css HTTP/1.1" 200 -
61.72.167.71 - - [02/Jun/2023 11:21:47] "GET /swaggerui/swagger-ui-standalone-preset.js HTTP/1.1" 200 -
61.72.167.71 - - [02/Jun/2023 11:21:47] "GET /swaggerui/swagger-ui-bundle.js HTTP/1.1" 200 -
61.72.167.71 - - [02/Jun/2023 11:21:48] "GET /swaggerui/favicon-32x32.png HTTP/1.1" 200 -
61.72.167.71 - - [02/Jun/2023 11:21:48] "GET /swagger.json HTTP/1.1" 200 -
61.72.167.71 - - [02/Jun/2023 17:56:29] "GET /api-docs HTTP/1.1" 200 -
61.72.167.71 - - [02/Jun/2023 17:56:29] "GET /swaggerui/droid-sans.css HTTP/1.1" 200 -
61.72.167.71 - - [02/Jun/2023 17:56:29] "GET /swaggerui/swagger-ui.css HTTP/1.1" 200 -
61.72.167.71 - - [02/Jun/2023 17:56:29] "GET /swaggerui/swagger-ui-bundle.js HTTP/1.1" 200 -
61.72.167.71 - - [02/Jun/2023 17:56:29] "GET /swaggerui/swagger-ui-standalone-preset.js HTTP/1.1" 200 -
61.72.167.71 - - [02/Jun/2023 17:56:31] "GET /swaggerui/favicon-32x32.png HTTP/1.1" 200 -
61.72.167.71 - - [02/Jun/2023 17:56:31] "GET /swagger.json HTTP/1.1" 200 -
 * Debug mode: on
WARNING: This is a development server. Do not use it in a production deployment. Use a production WSGI server instead.
 * Running on all addresses (0.0.0.0)
 * Running on http://127.0.0.1:42598
 * Running on http://167.99.106.139:42598
Press CTRL+C to quit
 * Restarting with stat
 * Debugger is active!
 * Debugger PIN: 895-987-604
